<?xml version="1.0" encoding="UTF-8"?>
<!-- Generated by org.testng.reporters.JUnitReportReporter -->
<testsuite skipped="0" hostname="walia" name="uiTesting.testRegisteredUsers" tests="11" failures="0" timestamp="18 Aug 2019 21:15:04 GMT" time="240.189" errors="0">
  <testcase name="validRegistereduserValidPassword" time="26.619" classname="uiTesting.testRegisteredUsers"/>
  <testcase name="nonRegisteredUserValidPassword" time="19.951" classname="uiTesting.testRegisteredUsers"/>
  <testcase name="emailValidation" time="21.286" classname="uiTesting.testRegisteredUsers"/>
  <testcase name="nonRegisteredUserInvalidPassword" time="19.938" classname="uiTesting.testRegisteredUsers"/>
  <testcase name="registeredUserInvalidPassword" time="22.313" classname="uiTesting.testRegisteredUsers"/>
  <testcase name="blankUsernameBlankPassword" time="20.339" classname="uiTesting.testRegisteredUsers"/>
  <testcase name="forgotPasswordPageNavigation" time="22.431" classname="uiTesting.testRegisteredUsers"/>
  <testcase name="forgotPasswordValidRegisteredUser" time="22.635" classname="uiTesting.testRegisteredUsers"/>
  <testcase name="forgotPasswordUnregisteredUser" time="21.335" classname="uiTesting.testRegisteredUsers"/>
  <testcase name="forgotPasswordInvalidEmail" time="21.451" classname="uiTesting.testRegisteredUsers"/>
  <testcase name="forgotPasswordBackToLoginButton" time="21.891" classname="uiTesting.testRegisteredUsers"/>
</testsuite> <!-- uiTesting.testRegisteredUsers -->
