<?xml version="1.0" encoding="UTF-8"?>
<!-- Generated by org.testng.reporters.JUnitReportReporter -->
<testsuite skipped="0" hostname="walia" name="uiTesting.testRegisteredUsers" tests="11" failures="0" timestamp="18 Aug 2019 20:39:55 GMT" time="223.948" errors="0">
  <testcase name="forgotPasswordBackToLoginButton" time="22.686" classname="uiTesting.testRegisteredUsers"/>
  <testcase name="nonRegisteredUserValidPassword" time="20.915" classname="uiTesting.testRegisteredUsers"/>
  <testcase name="emailValidation" time="20.016" classname="uiTesting.testRegisteredUsers"/>
  <testcase name="nonRegisteredUserInvalidPassword" time="20.132" classname="uiTesting.testRegisteredUsers"/>
  <testcase name="registeredUserInvalidPassword" time="18.867" classname="uiTesting.testRegisteredUsers"/>
  <testcase name="blankUsernameBlankPassword" time="19.091" classname="uiTesting.testRegisteredUsers"/>
  <testcase name="forgotPasswordPageNavigation" time="19.165" classname="uiTesting.testRegisteredUsers"/>
  <testcase name="forgotPasswordValidRegisteredUser" time="20.919" classname="uiTesting.testRegisteredUsers"/>
  <testcase name="forgotPasswordUnregisteredUser" time="20.872" classname="uiTesting.testRegisteredUsers"/>
  <testcase name="forgotPasswordInvalidEmail" time="20.861" classname="uiTesting.testRegisteredUsers"/>
  <testcase name="validRegistereduserValidPassword" time="20.424" classname="uiTesting.testRegisteredUsers"/>
</testsuite> <!-- uiTesting.testRegisteredUsers -->
